<?xml version="1.0" encoding="UTF-8"?>
<!-- Generated by org.testng.reporters.JUnitXMLReporter -->
<testsuite hostname="DESKTOP-TQONPAL" ignored="0" name="Surefire test" tests="3" failures="0" timestamp="10 Dec 2022 19:50:12 GMT" time="20.161" errors="0">
  <testcase name="verifyLoginWithValidCredentials" time="0.925" classname="com.qa.ninjatutorials.testcases.LoginTest"/>
  <testcase name="verifyRegistrationWithMandatoryFields" time="1.32" classname="com.qa.ninjatutorials.testcases.RegisterTest"/>
  <testcase name="verifySearchWithValidProduct" time="0.767" classname="com.qa.ninjatutorials.testcases.SearchTest"/>
</testsuite> <!-- Surefire test -->
