<?xml version="1.0" encoding="UTF-8"?>
<!-- Generated by org.testng.reporters.JUnitXMLReporter -->
<testsuite ignored="4" hostname="DESKTOP-TQONPAL" failures="0" tests="3" name="Default test" time="13.411" errors="0" timestamp="2022-12-17T11:07:15 EST">
  <testcase classname="com.qa.ninjatutorials.testcases.LoginTest" name="verifyLoginWithValidCredentials" time="1.052"/>
  <testcase classname="com.qa.ninjatutorials.testcases.LoginTest" name="verifyLoginWithValidCredentials" time="1.078"/>
  <testcase classname="com.qa.ninjatutorials.testcases.LoginTest" name="verifyLoginWithValidCredentials" time="1.048"/>
  <testcase classname="com.qa.ninjatutorials.testcases.LoginTest" name="verifyLoginWithInValidCredentials" time="0.0">
    <ignored/>
  </testcase> <!-- verifyLoginWithInValidCredentials -->
  <testcase classname="com.qa.ninjatutorials.testcases.LoginTest" name="verifyLoginWithNoCredentials" time="0.0">
    <ignored/>
  </testcase> <!-- verifyLoginWithNoCredentials -->
  <testcase classname="com.qa.ninjatutorials.testcases.LoginTest" name="verifyLoginWithValidEmailidInValidPassword" time="0.0">
    <ignored/>
  </testcase> <!-- verifyLoginWithValidEmailidInValidPassword -->
  <testcase classname="com.qa.ninjatutorials.testcases.LoginTest" name="verifyLoginWithInvalidEmailidValidPassword" time="0.0">
    <ignored/>
  </testcase> <!-- verifyLoginWithInvalidEmailidValidPassword -->
</testsuite> <!-- Default test -->
