<?xml version="1.0" encoding="UTF-8"?>
<testng-results ignored="0" total="11" passed="11" failed="0" skipped="0">
  <reporter-output>
  </reporter-output>
  <suite started-at="2022-12-10T14:37:42 EST" name="NinjaTutorialsSuite" finished-at="2022-12-10T14:38:39 EST" duration-ms="57406">
    <groups>
    </groups>
    <test started-at="2022-12-10T14:37:42 EST" name="NinjaTest" finished-at="2022-12-10T14:38:39 EST" duration-ms="57406">
      <class name="com.qa.ninjatutorials.testcases.SearchTest">
        <test-method is-config="true" signature="startup()[pri:0, instance:com.qa.ninjatutorials.testcases.SearchTest@1972e513]" started-at="2022-12-10T14:38:25 EST" name="startup" finished-at="2022-12-10T14:38:29 EST" duration-ms="4080" status="PASS">
          <reporter-output>
          </reporter-output>
        </test-method> <!-- startup -->
        <test-method signature="verifySearchWithValidProduct()[pri:1, instance:com.qa.ninjatutorials.testcases.SearchTest@1972e513]" started-at="2022-12-10T14:38:29 EST" name="verifySearchWithValidProduct" finished-at="2022-12-10T14:38:30 EST" duration-ms="754" status="PASS">
          <reporter-output>
          </reporter-output>
        </test-method> <!-- verifySearchWithValidProduct -->
        <test-method is-config="true" signature="tearDown()[pri:0, instance:com.qa.ninjatutorials.testcases.SearchTest@1972e513]" started-at="2022-12-10T14:38:30 EST" name="tearDown" finished-at="2022-12-10T14:38:30 EST" duration-ms="141" status="PASS">
          <reporter-output>
          </reporter-output>
        </test-method> <!-- tearDown -->
        <test-method is-config="true" signature="startup()[pri:0, instance:com.qa.ninjatutorials.testcases.SearchTest@1972e513]" started-at="2022-12-10T14:38:30 EST" name="startup" finished-at="2022-12-10T14:38:34 EST" duration-ms="3775" status="PASS">
          <reporter-output>
          </reporter-output>
        </test-method> <!-- startup -->
        <test-method signature="verifySearchWithInvalidProduct()[pri:2, instance:com.qa.ninjatutorials.testcases.SearchTest@1972e513]" started-at="2022-12-10T14:38:34 EST" name="verifySearchWithInvalidProduct" finished-at="2022-12-10T14:38:35 EST" duration-ms="593" status="PASS">
          <reporter-output>
          </reporter-output>
        </test-method> <!-- verifySearchWithInvalidProduct -->
        <test-method is-config="true" signature="tearDown()[pri:0, instance:com.qa.ninjatutorials.testcases.SearchTest@1972e513]" started-at="2022-12-10T14:38:35 EST" name="tearDown" finished-at="2022-12-10T14:38:35 EST" duration-ms="170" status="PASS">
          <reporter-output>
          </reporter-output>
        </test-method> <!-- tearDown -->
        <test-method is-config="true" signature="startup()[pri:0, instance:com.qa.ninjatutorials.testcases.SearchTest@1972e513]" started-at="2022-12-10T14:38:35 EST" name="startup" finished-at="2022-12-10T14:38:38 EST" duration-ms="3562" status="PASS">
          <reporter-output>
          </reporter-output>
        </test-method> <!-- startup -->
        <test-method signature="verifySearchWithoutAnyProduct()[pri:3, instance:com.qa.ninjatutorials.testcases.SearchTest@1972e513]" started-at="2022-12-10T14:38:38 EST" name="verifySearchWithoutAnyProduct" finished-at="2022-12-10T14:38:39 EST" duration-ms="592" status="PASS">
          <reporter-output>
          </reporter-output>
        </test-method> <!-- verifySearchWithoutAnyProduct -->
        <test-method is-config="true" signature="tearDown()[pri:0, instance:com.qa.ninjatutorials.testcases.SearchTest@1972e513]" started-at="2022-12-10T14:38:39 EST" name="tearDown" finished-at="2022-12-10T14:38:39 EST" duration-ms="177" status="PASS">
          <reporter-output>
          </reporter-output>
        </test-method> <!-- tearDown -->
      </class> <!-- com.qa.ninjatutorials.testcases.SearchTest -->
      <class name="com.qa.ninjatutorials.testcases.LoginTest">
        <test-method is-config="true" signature="setup()[pri:0, instance:com.qa.ninjatutorials.testcases.LoginTest@302c971f]" started-at="2022-12-10T14:38:00 EST" name="setup" finished-at="2022-12-10T14:38:03 EST" duration-ms="3694" status="PASS">
          <reporter-output>
          </reporter-output>
        </test-method> <!-- setup -->
        <test-method signature="verifyLoginWithValidCredentials()[pri:1, instance:com.qa.ninjatutorials.testcases.LoginTest@302c971f]" started-at="2022-12-10T14:38:03 EST" name="verifyLoginWithValidCredentials" finished-at="2022-12-10T14:38:04 EST" duration-ms="918" status="PASS">
          <reporter-output>
          </reporter-output>
        </test-method> <!-- verifyLoginWithValidCredentials -->
        <test-method is-config="true" signature="tearDown()[pri:0, instance:com.qa.ninjatutorials.testcases.LoginTest@302c971f]" started-at="2022-12-10T14:38:04 EST" name="tearDown" finished-at="2022-12-10T14:38:05 EST" duration-ms="130" status="PASS">
          <reporter-output>
          </reporter-output>
        </test-method> <!-- tearDown -->
        <test-method is-config="true" signature="setup()[pri:0, instance:com.qa.ninjatutorials.testcases.LoginTest@302c971f]" started-at="2022-12-10T14:38:05 EST" name="setup" finished-at="2022-12-10T14:38:08 EST" duration-ms="3750" status="PASS">
          <reporter-output>
          </reporter-output>
        </test-method> <!-- setup -->
        <test-method signature="verifyLoginWithInValidCredentials()[pri:2, instance:com.qa.ninjatutorials.testcases.LoginTest@302c971f]" started-at="2022-12-10T14:38:08 EST" name="verifyLoginWithInValidCredentials" finished-at="2022-12-10T14:38:09 EST" duration-ms="754" status="PASS">
          <reporter-output>
          </reporter-output>
        </test-method> <!-- verifyLoginWithInValidCredentials -->
        <test-method is-config="true" signature="tearDown()[pri:0, instance:com.qa.ninjatutorials.testcases.LoginTest@302c971f]" started-at="2022-12-10T14:38:09 EST" name="tearDown" finished-at="2022-12-10T14:38:09 EST" duration-ms="169" status="PASS">
          <reporter-output>
          </reporter-output>
        </test-method> <!-- tearDown -->
        <test-method is-config="true" signature="setup()[pri:0, instance:com.qa.ninjatutorials.testcases.LoginTest@302c971f]" started-at="2022-12-10T14:38:09 EST" name="setup" finished-at="2022-12-10T14:38:13 EST" duration-ms="4080" status="PASS">
          <reporter-output>
          </reporter-output>
        </test-method> <!-- setup -->
        <test-method signature="verifyLoginWithInvalidEmailidValidPassword()[pri:3, instance:com.qa.ninjatutorials.testcases.LoginTest@302c971f]" started-at="2022-12-10T14:38:13 EST" name="verifyLoginWithInvalidEmailidValidPassword" finished-at="2022-12-10T14:38:14 EST" duration-ms="1062" status="PASS">
          <reporter-output>
          </reporter-output>
        </test-method> <!-- verifyLoginWithInvalidEmailidValidPassword -->
        <test-method is-config="true" signature="tearDown()[pri:0, instance:com.qa.ninjatutorials.testcases.LoginTest@302c971f]" started-at="2022-12-10T14:38:14 EST" name="tearDown" finished-at="2022-12-10T14:38:15 EST" duration-ms="246" status="PASS">
          <reporter-output>
          </reporter-output>
        </test-method> <!-- tearDown -->
        <test-method is-config="true" signature="setup()[pri:0, instance:com.qa.ninjatutorials.testcases.LoginTest@302c971f]" started-at="2022-12-10T14:38:15 EST" name="setup" finished-at="2022-12-10T14:38:19 EST" duration-ms="4559" status="PASS">
          <reporter-output>
          </reporter-output>
        </test-method> <!-- setup -->
        <test-method signature="verifyLoginWithValidEmailidInValidPassword()[pri:4, instance:com.qa.ninjatutorials.testcases.LoginTest@302c971f]" started-at="2022-12-10T14:38:19 EST" name="verifyLoginWithValidEmailidInValidPassword" finished-at="2022-12-10T14:38:20 EST" duration-ms="1158" status="PASS">
          <reporter-output>
          </reporter-output>
        </test-method> <!-- verifyLoginWithValidEmailidInValidPassword -->
        <test-method is-config="true" signature="tearDown()[pri:0, instance:com.qa.ninjatutorials.testcases.LoginTest@302c971f]" started-at="2022-12-10T14:38:20 EST" name="tearDown" finished-at="2022-12-10T14:38:21 EST" duration-ms="554" status="PASS">
          <reporter-output>
          </reporter-output>
        </test-method> <!-- tearDown -->
        <test-method is-config="true" signature="setup()[pri:0, instance:com.qa.ninjatutorials.testcases.LoginTest@302c971f]" started-at="2022-12-10T14:38:21 EST" name="setup" finished-at="2022-12-10T14:38:25 EST" duration-ms="3712" status="PASS">
          <reporter-output>
          </reporter-output>
        </test-method> <!-- setup -->
        <test-method signature="verifyLoginWithNoCredentials()[pri:5, instance:com.qa.ninjatutorials.testcases.LoginTest@302c971f]" started-at="2022-12-10T14:38:25 EST" name="verifyLoginWithNoCredentials" finished-at="2022-12-10T14:38:25 EST" duration-ms="647" status="PASS">
          <reporter-output>
          </reporter-output>
        </test-method> <!-- verifyLoginWithNoCredentials -->
        <test-method is-config="true" signature="tearDown()[pri:0, instance:com.qa.ninjatutorials.testcases.LoginTest@302c971f]" started-at="2022-12-10T14:38:25 EST" name="tearDown" finished-at="2022-12-10T14:38:25 EST" duration-ms="184" status="PASS">
          <reporter-output>
          </reporter-output>
        </test-method> <!-- tearDown -->
      </class> <!-- com.qa.ninjatutorials.testcases.LoginTest -->
      <class name="com.qa.ninjatutorials.testcases.RegisterTest">
        <test-method is-config="true" signature="setup()[pri:0, instance:com.qa.ninjatutorials.testcases.RegisterTest@5f049ea1]" started-at="2022-12-10T14:37:42 EST" name="setup" finished-at="2022-12-10T14:37:48 EST" duration-ms="5668" status="PASS">
          <reporter-output>
          </reporter-output>
        </test-method> <!-- setup -->
        <test-method signature="verifyRegistrationWithMandatoryFields()[pri:1, instance:com.qa.ninjatutorials.testcases.RegisterTest@5f049ea1]" started-at="2022-12-10T14:37:48 EST" name="verifyRegistrationWithMandatoryFields" finished-at="2022-12-10T14:37:49 EST" duration-ms="1302" status="PASS">
          <reporter-output>
          </reporter-output>
        </test-method> <!-- verifyRegistrationWithMandatoryFields -->
        <test-method is-config="true" signature="tearDown()[pri:0, instance:com.qa.ninjatutorials.testcases.RegisterTest@5f049ea1]" started-at="2022-12-10T14:37:49 EST" name="tearDown" finished-at="2022-12-10T14:37:49 EST" duration-ms="166" status="PASS">
          <reporter-output>
          </reporter-output>
        </test-method> <!-- tearDown -->
        <test-method is-config="true" signature="setup()[pri:0, instance:com.qa.ninjatutorials.testcases.RegisterTest@5f049ea1]" started-at="2022-12-10T14:37:49 EST" name="setup" finished-at="2022-12-10T14:37:53 EST" duration-ms="4358" status="PASS">
          <reporter-output>
          </reporter-output>
        </test-method> <!-- setup -->
        <test-method signature="verifyRegistrationWithAllFields()[pri:2, instance:com.qa.ninjatutorials.testcases.RegisterTest@5f049ea1]" started-at="2022-12-10T14:37:53 EST" name="verifyRegistrationWithAllFields" finished-at="2022-12-10T14:37:55 EST" duration-ms="1340" status="PASS">
          <reporter-output>
          </reporter-output>
        </test-method> <!-- verifyRegistrationWithAllFields -->
        <test-method is-config="true" signature="tearDown()[pri:0, instance:com.qa.ninjatutorials.testcases.RegisterTest@5f049ea1]" started-at="2022-12-10T14:37:55 EST" name="tearDown" finished-at="2022-12-10T14:37:55 EST" duration-ms="164" status="PASS">
          <reporter-output>
          </reporter-output>
        </test-method> <!-- tearDown -->
        <test-method is-config="true" signature="setup()[pri:0, instance:com.qa.ninjatutorials.testcases.RegisterTest@5f049ea1]" started-at="2022-12-10T14:37:55 EST" name="setup" finished-at="2022-12-10T14:37:59 EST" duration-ms="4064" status="PASS">
          <reporter-output>
          </reporter-output>
        </test-method> <!-- setup -->
        <test-method signature="verifyRegistrationWithoutFillingAnyDetails()[pri:3, instance:com.qa.ninjatutorials.testcases.RegisterTest@5f049ea1]" started-at="2022-12-10T14:37:59 EST" name="verifyRegistrationWithoutFillingAnyDetails" finished-at="2022-12-10T14:38:00 EST" duration-ms="695" status="PASS">
          <reporter-output>
          </reporter-output>
        </test-method> <!-- verifyRegistrationWithoutFillingAnyDetails -->
        <test-method is-config="true" signature="tearDown()[pri:0, instance:com.qa.ninjatutorials.testcases.RegisterTest@5f049ea1]" started-at="2022-12-10T14:38:00 EST" name="tearDown" finished-at="2022-12-10T14:38:00 EST" duration-ms="141" status="PASS">
          <reporter-output>
          </reporter-output>
        </test-method> <!-- tearDown -->
      </class> <!-- com.qa.ninjatutorials.testcases.RegisterTest -->
    </test> <!-- NinjaTest -->
  </suite> <!-- NinjaTutorialsSuite -->
</testng-results>
