<?xml version="1.0" encoding="UTF-8"?>
<testng-results ignored="4" total="7" passed="3" failed="0" skipped="0">
  <reporter-output>
  </reporter-output>
  <suite started-at="2022-12-17T11:07:02 EST" name="Default suite" finished-at="2022-12-17T11:07:15 EST" duration-ms="13411">
    <groups>
    </groups>
    <test started-at="2022-12-17T11:07:02 EST" name="Default test" finished-at="2022-12-17T11:07:15 EST" duration-ms="13411">
      <class name="com.qa.ninjatutorials.testcases.LoginTest">
        <test-method is-config="true" signature="setup()[pri:0, instance:com.qa.ninjatutorials.testcases.LoginTest@273444fe]" started-at="2022-12-17T11:07:02 EST" name="setup" finished-at="2022-12-17T11:07:06 EST" duration-ms="3835" status="PASS">
          <reporter-output>
          </reporter-output>
        </test-method> <!-- setup -->
        <test-method signature="verifyLoginWithValidCredentials(java.lang.String,java.lang.String)[pri:1, instance:com.qa.ninjatutorials.testcases.LoginTest@273444fe]" started-at="2022-12-17T11:07:06 EST" name="verifyLoginWithValidCredentials" data-provider="ValidCredentialsSupplier" finished-at="2022-12-17T11:07:07 EST" duration-ms="1052" status="PASS">
          <params>
            <param index="0">
              <value>
                <![CDATA[seleniumpanda@gmail.com]]>
              </value>
            </param>
            <param index="1">
              <value>
                <![CDATA[Selenium@123]]>
              </value>
            </param>
          </params>
          <reporter-output>
          </reporter-output>
        </test-method> <!-- verifyLoginWithValidCredentials -->
        <test-method is-config="true" signature="tearDown()[pri:0, instance:com.qa.ninjatutorials.testcases.LoginTest@273444fe]" started-at="2022-12-17T11:07:07 EST" name="tearDown" finished-at="2022-12-17T11:07:07 EST" duration-ms="176" status="PASS">
          <reporter-output>
          </reporter-output>
        </test-method> <!-- tearDown -->
        <test-method is-config="true" signature="setup()[pri:0, instance:com.qa.ninjatutorials.testcases.LoginTest@273444fe]" started-at="2022-12-17T11:07:07 EST" name="setup" finished-at="2022-12-17T11:07:10 EST" duration-ms="2799" status="PASS">
          <reporter-output>
          </reporter-output>
        </test-method> <!-- setup -->
        <test-method signature="verifyLoginWithValidCredentials(java.lang.String,java.lang.String)[pri:1, instance:com.qa.ninjatutorials.testcases.LoginTest@273444fe]" started-at="2022-12-17T11:07:10 EST" name="verifyLoginWithValidCredentials" data-provider="ValidCredentialsSupplier" finished-at="2022-12-17T11:07:11 EST" duration-ms="1078" status="PASS">
          <params>
            <param index="0">
              <value>
                <![CDATA[seleniumpanda@rediffmail.com]]>
              </value>
            </param>
            <param index="1">
              <value>
                <![CDATA[Selenium@123]]>
              </value>
            </param>
          </params>
          <reporter-output>
          </reporter-output>
        </test-method> <!-- verifyLoginWithValidCredentials -->
        <test-method is-config="true" signature="tearDown()[pri:0, instance:com.qa.ninjatutorials.testcases.LoginTest@273444fe]" started-at="2022-12-17T11:07:11 EST" name="tearDown" finished-at="2022-12-17T11:07:11 EST" duration-ms="168" status="PASS">
          <reporter-output>
          </reporter-output>
        </test-method> <!-- tearDown -->
        <test-method is-config="true" signature="setup()[pri:0, instance:com.qa.ninjatutorials.testcases.LoginTest@273444fe]" started-at="2022-12-17T11:07:11 EST" name="setup" finished-at="2022-12-17T11:07:14 EST" duration-ms="2601" status="PASS">
          <reporter-output>
          </reporter-output>
        </test-method> <!-- setup -->
        <test-method signature="verifyLoginWithValidCredentials(java.lang.String,java.lang.String)[pri:1, instance:com.qa.ninjatutorials.testcases.LoginTest@273444fe]" started-at="2022-12-17T11:07:14 EST" name="verifyLoginWithValidCredentials" data-provider="ValidCredentialsSupplier" finished-at="2022-12-17T11:07:15 EST" duration-ms="1048" status="PASS">
          <params>
            <param index="0">
              <value>
                <![CDATA[automationhubsarthak@gmail.com]]>
              </value>
            </param>
            <param index="1">
              <value>
                <![CDATA[Selenium@123]]>
              </value>
            </param>
          </params>
          <reporter-output>
          </reporter-output>
        </test-method> <!-- verifyLoginWithValidCredentials -->
        <test-method is-config="true" signature="tearDown()[pri:0, instance:com.qa.ninjatutorials.testcases.LoginTest@273444fe]" started-at="2022-12-17T11:07:15 EST" name="tearDown" finished-at="2022-12-17T11:07:15 EST" duration-ms="108" status="PASS">
          <reporter-output>
          </reporter-output>
        </test-method> <!-- tearDown -->
      </class> <!-- com.qa.ninjatutorials.testcases.LoginTest -->
    </test> <!-- Default test -->
  </suite> <!-- Default suite -->
</testng-results>
